    1  ruby -v
    2  wich ruby
    3  gpg --keyserver hkp://keys.gnupg.net --recv-keys 409B6B1796C275462A1703113804BB82D39DC0E3
    4  wich ruby
    5  which ruby
    6  \curl -sSL https://get.rvm.io | bash -s stable --ruby
    7  which ruby
    8  gist
    9  pkill nautils
   10  pkill nautilus
   11  nautilus &
   12  gist fichier1
   13  gist fichier1 fichier2 fichier3
   14  sudo apt install yorick
   15  gist fichier1 fichier2 fichier3
   16  gist fichier2
   17  sudo apt install
   18  gist fichier1 fichier2 fichier3
   19  gist fichier2
   20  gist /home/apprenti/Documents/quete git fichier1 fichier2 fichier3
   21  gist /home/apprenti/Documents/quete-git/fichier1 fichier2 fichier3
   22  gist /home/apprenti/Documents/quete-git fichier1 fichier2 fichier3
   23  gist /home/apprenti/Documents/quete-git/fichier1 fichier2 fichier3
   24  sudo apt remove yorick
   25  gem install gist
   26  cd documents
   27  ls
   28  cd Documents/
   29  ls
   30  cd quete-git
   31  ls
   32  gist fichier1 fichier2 fichier3
   33  gist --login
   34  gist fichier1 fichier2 fichier3
   35  cd /
   36  sudo add-apt-repository ppa:webupd8team/sublime-text-2 && sudo apt-get update && sudo apt-get install sublime-text
   37  git config --global user.name "ludovic1966"
   38  git config --global user.email "ludovic.quouillault@free.fr"
   39  git config --global user.name "ludovic1966"
   40  git config --global user.email "ludovic.quouillault@free.fr"
   41  cd Documents
   42  ls
   43  git clone https://github.com/ludovic1966/hello_gitub
   44  git status
   45  git add readme.md
   46  git int
   47  git init
   48  git add readme.md
   49  git commit -m
   50  git status
   51  git push
   52  git remote add readme.md https://github.com/ludovic1966/hello_gitub
   53  git push readme.md master
   54  git status
   55  git remote add readme.md https://github.com/ludovic1966/hello_gitub
   56  git push -u readme.md master
   57  git status
   58  git remote set-url origin git://github.com/ludovic1966/hello_gitub
   59  git config --global user.name "ludovic1966"
   60  git clone https://github.com/ludovic1966/hello_gitub
   61  ls
   62  cd Documents
   63  ls
   64  git clone https://github.com/ludovic1966/hello_gitub.git
   65  git add readme.md
   66  git status
   67  git commit -m
   68  git push -u origin master
   69  git push origin
   70  git push
   71  git push readme.md
   72  git remote add https://github.com/ludovic1966/hello_gitub/
   73  ls
   74  cd hello_gitub
   75  git status
   76  git add readme.md
   77  git status
   78  git add README.md
   79  git status
   80  git commit -m "premierenvoi"
   81  git log
   82  git push origin
   83  git status
   84  ls
   85  git status
   86  git add README.md
   87  git status
   88  git add README.md
   89  git status
   90  git add README.md
   91  git status
   92  git remote add https://github.com/ludovic1966/hello_gitub/
   93  git status
   94  git add README.md
   95  git status
   96  git remote add https://github.com/ludovic1966/hello_gitub/
   97  git add README.md
   98  git status
   99  git commit -m
  100  git push origin
  101  git clone https://github.com/ludovic1966/hello_gitub.git
  102  git add README.md
  103  git status
  104  git push origin
  105  ls
  106  git status
  107  git add README.md
  108  git status
  109  git commit -m
  110  git push origin
  111  git status
  112  git push origin
  113  git commit -am "Essai" 
  114  git log
  115  git push origin
  116  ls
  117  git add .
  118  git status
  119  git commit -m "git init"
  120  git remote add origin https://github.com/ludovic1966/projet-1-wild-code-school.git
  121  git push -u origin master
  122  ssh-keygen -t rsa -b 4096 -C "your_email@example.com"
  123  ssh-keygen -t rsa -b 4096 -C "ludovic.quouillault@free.fr" # Creates a new ssh key, using the provided email as a label
  124  cat .ssh/id_rsa.pub
  125  cd 
  126  cat .ssh/id_rsa.pub
  127  cd Documents
  128  git clone git@github.com:VERO56/la-ferme-de-perette.git
  129  cd la-ferme-de-perette
  130  ls
  131  cd
  132  git clone https://github.com/FredrikNoren/ungit.git
  133  sudo apt-get install python-software-properties python g++ make
  134  sudo add-apt-repository ppa:chris-lea/node.js
  135  sudo apt-get update
  136  sudo apt-get install nodejs
  137  node -v
  138  sudo apt install nodejs-legacy
  139  node -v
  140  node test.js 
  141  cd Documents
  142  node test.js 
  143  ls
  144  node test_nodejs.js 
  145  node test.js 
  146  cd 
  147  node -v
  148  apt-get install npm
  149  sudo -i
  150  ungit
  151  git clone https://github.com/WildCodeSchool/dessine_moi_un_repo_git.git
  152  git branch newimage
  153  ls status
  154  ls
  155  git status
  156  ls
  157  git config --help
  158  cd
  159  git clone "git@github.com:ludovic1966/git_workflow.git"
  160  ls
  161  cd git_workflow
  162  ls
  163  git commit -m "premier envoi"
  164  git add --all
  165  git status
  166  git push
  167  ls
  168  git commit -m "premier envoi"
  169  git status
  170  git commit -m "premier envoi"
  171  git add --all
  172  git status
  173  git push -u origin master
  174  git status
  175  git remote add origin https://github.com/ludovic1966/git_workflow
  176  git push
  177  git status
  178  git push
  179  git push -u origin master
  180  ls
  181  git status
  182  git push origin
  183  git status
  184  git commit -m
  185  git push -u origin master
  186  git status
  187  git commit -m
  188  git push
  189  git status
  190  git reset HEAD index.html
  191  git status
  192  git reset HEAD script.js
  193  git reset HEAD style.css
  194  git status
  195  git add --all
  196  git status
  197  git push
  198  git push -u origin
  199  git clone "git@github.com:ludovic1966/git_workflow.git"
  200  git clone "git@github.com:ludovic1966/git_workflow.git"
  201  ls
  202  git status
  203  git add --all
  204  git status
  205  git push -u origin master
  206  git push -u origin
  207  git push 
  208  git status
  209  git push origin
  210  git clone "git@github.com:ludovic1966/git_workflow.git"
  211  git init
  212  git add --all
  213  git status
  214  git commit -m "first commit"
  215  git remote add origingit@github.com:ludovic1966/git_workflow.git
  216  git push -u origin master
  217  git branch test1
  218  git checkout -b test1
  219  git checkout test1
  220  git add --all
  221  git status
  222  git commit -m "my changes"
  223  git push test1
  224  git push origin test1
  225  git status
  226  git add --all
  227  git status
  228  git commit -m "my changes2"
  229  git push origin test1
  230  git status
  231  git add --all
  232  git commit -m "my changes3"
  233  git push origin test1
  234  git pull
  235  sudo apt-get update
  236  sudo apt-get install git-core curl zlib1g-dev build-essential libssl-dev libreadline-dev libyaml-dev libsqlite3-dev
  237  cd
  238  git clone https://github.com/rbenv/rbenv.git ~/.rbenv
  239  echo 'export PATH="$HOME/.rbenv/bin:$PATH"' >> ~/.bashrc
  240  echo 'eval "$(rbenv init -)"' >> ~/.bashrc
  241  exec $SHELL
  242  git clone https://github.com/rbenv/ruby-build.git ~/.rbenv/plugins/ruby-build
  243  echo 'export PATH="$HOME/.rbenv/plugins/ruby-build/bin:$PATH"' >> ~/.bashrc
  244  exec $SHELL
  245  git init
  246  git add --all
  247  git status
  248  git init
  249  git status
  250  git reset HEAD echo "# quete_js" >> README.md
  251  git init
  252  git add README.md
  253  git commit -m "first commit"
  254  git remote add origin git@github.com:ludovic1966/quete_js.git
  255  git push -u origin master
  256  rbenv install 2.3.1
  257  rbenv global 2.3.1
  258  ruby -v
  259  gem install bundler
  260  curl -sL https://deb.nodesource.com/setup_4.x | sudo -E bash -
  261  sudo apt-get install -y nodejs
  262  gem install rails -v 4.2.6
  263  rbenv rehash
  264  rails -v
  265  # Rails 4.2.6
  266  git clone "https://github.com/Karb0/bugproject.git"
  267  ls
  268  cd bugproject/
  269  ls
  270  rais s
  271  raise s
  272  rails s
  273  bundle install
  274  rails s
  275  bundle exec rake db:migrate
  276  rails s
  277  git status
  278  git reset HEAD carousel-fleche-gauche.png
  279  status
  280  git init
  281  git add --all
  282  git status
  283  git commit -m "first commit"
  284  git status
  285  git add --all
  286  git status
  287  git remote add origin git@github.com:ludovic1966/quete_js.git
  288  git push -u origin master
  289  git pull VERO56
  290  git init
  291  git add --all
  292  git status
  293  git commit -m "first commit"
  294  git remote add origin git@github.com:ludovic1966/Mon_CV_Wild.git
  295  git push -u origin master
  296  gist bootstrap.html
  297  git init
  298  git add --all
  299  git status
  300  git commit -m "first commit"
  301  git remote add origin git@github.com:ludovic1966/la_ferme_de_perrette.git
  302  git push -u origin master
  303  git remote add origin git@github.com:ludovic1966/la_ferme_de_perrette.git
  304  git status
  305  sudo apt-get install apache2
  306  sudo apt-get install php
  307  sudo chown -R apprenti /var/www/html
  308  sudo /etc/init.d/apache2 start
  309  cd /var/www/html/
  310  git clone https://github.com/WildCodeSchool/Atelier-vues-modulaires.git
  311  sudo /etc/init.d/apache2 start
  312  git init
  313  git clone https://github.com/WildCodeSchool/clmystery.git
  314  ls
  315  cd clmystery
  316  ls
  317  cd mystery
  318  ls
  319  cat hint1
  320  type 'cat hint1'
  321  ls
  322  cd/
  323  cd ..
  324  cat hint1
  325  cat hint
  326  ls
  327  cdmystery
  328  ls
  329  cd mystery
  330  ls
  331  cat 'crimescene'
  332  cd ..
  333  cat hint3
  334  top
  335  cat mon_historique.log
  336  ls
  337  cd history
  338  history > mon_historique.log
  339  cat instruction
  340  cat instructions
  341  ls
  342  cd mystery
  343  ls
  344  cat crimescene
  345  ls
  346  grep -E "INDICE" crimescene
  347  grep -E "CLUE" crimescene
  348  cat people | grep Annabel 
  349  grep -E "Anabel" people
  350  grep -E "CLUE*" crimescene
  351  grep -E "*Anabel*" people
  352  grep -E "CLUE" crimescene
  353  grep -E "Anabel" people
  354  cat people | grep Annabel 
  355  ls
  356  cd //
  357  cd ..
  358  ls
  359  cd /
  360  ls
  361  cat hint1
  362  grep -E "Anabel" people
  363  head -n 20 people
  364  cat streets/Hart_Place | head -n 40 | tail -n 1 
  365  cat people | grep Annabel 
  366  grep -E "Anabel" people
  367  grep "CLUE" crimescene
  368  ls
  369  cat vehicules
  370  cat vehicles
  371  grep "CLUE" crimescene
  372  head -n 20 people
  373  head -n 20 vehicles
  374  head -n 80 vehicles
  375  grep -E "Anabel" vehicles
  376  grep -E "Anabel" people
  377  cat hint2
  378  grep -E "Anabel" people
  379  cat hint3
  380  ls
  381  cat hint3
  382  cat hint2
  383  ls
  384  cat hint1
  385  head -n 20 people
  386  cat hint2
  387  cat hint3
  388  ls
  389  cat hint1
  390  cat hint2
  391  ls
  392  cat hint3
  393  cat hint4
  394  cat hint5
  395  cat hint56
  396  cat hint6
  397  cat hint7
  398  cat hint8
  399  ls
  400  cat hint1
  401  cat hint2
  402  ls
  403  cat instruction
  404  cat instructions
  405  nano cheatsheet.md
  406  ls
  407  cat instruction
  408  cat instructions
  409  cat hint1
  410  cat hint2
  411  cat hint3
  412  cat hint4
  413  cat hint5
  414  cat hintt6
  415  cat hint6
  416  cat hint7
  417  cat hint8
  418  cat hint9
  419  lsLicense Plate L337ZR9
  420  Make: Honda
  421  Color: Red
  422  Owner: Katie Park
  423  Height: 6'2"
  424  Weight: 189 lbs
  425  --
  426  License Plate L337P89
  427  Make: Honda
  428  Color: Teal
  429  Owner: Mike Bostock
  430  Height: 6'4"
  431  Weight: 173 lbs
  432  --
  433  License Plate L337GX9
  434  Make: Mazda
  435  Color: Orange
  436  Owner: John Keefe
  437  Height: 6'4"
  438  Weight: 185 lbs
  439  --
  440  License Plate L337QE9
  441  Make: Honda
  442  Color: Blue
  443  Owner: Erika Owens
  444  Height: 6'5"
  445  Weight: 220 lbs
  446  --
  447  License Plate L337GB9
  448  Make: Toyota
  449  Color: Blue
  450  Owner: Matt Waite
  451  Height: 6'1"
  452  Weight: 190 lbs
  453  --
  454  License Plate L337OI9
  455  Make: Jaguar
  456  Color: Blue
  457  Owner: Brian Boyer
  458  Height: 6'6"
  459  Weight: 201 lbs
  460  --
  461  License Plate L337X19
  462  Make: Fiat
  463  Color: Blue
  464  Owner: Al Shaw
  465  Height: 6'5"
  466  Weight: 240 lbs
  467  --
  468  License Plate L337539
  469  Make: Honda
  470  Color: Blue
  471  Owner: Aron Pilhofer
  472  Height: 5'3"
  473  Weight: 198 lbs
  474  --
  475  License Plate L3373U9
  476  Make: Ford
  477  Color: Blue
  478  Owner: Miranda Mulligan
  479  Height: 6'6"
  480  Weight: 156 lbs
  481  --
  482  License Plate L337369
  483  Make: Honda
  484  Color: Blue
  485  Owner: Heather Billings
  486  Height: 5'2"
  487  Weight: 244 lbs
  488  --
  489  License Plate L337DV9
  490  Make: Honda
  491  Color: Blue
  492  Owner: Joe Germuska
  493  Height: 6'2"
  494  Weight: 164 lbs
  495  --
  496  License Plate L3375A9
  497  Make: Honda
  498  Color: Blue
  499  Owner: Jeremy Bowers
  500  Height: 6'1"
  501  Weight: 204 lbs
  502  --
  503  License Plate L337WR9
  504  Make: Honda
  505  Color: Blue
  506  Owner: Jacqui Maher
  507  Height: 6'2"
  508  Weight: 130 lbs
  509  ls
  510  cat hint8
  511  ls
  512  cd mystery
  513  ls
  514  cat people "Jeremy Bowers"
  515  cat "Jeremy Bowers" people
  516  gep "Jeremy Bowers" people
  517  grep "Jeremy Bowers" people
  518  grep "Jacqui Maher" people
  519  echo Jeremy Bowers
  520  history > mon_historique.log
  521  gist mon_historique.log
  522  cat hint2
  523  cat hint3
  524  cat hint4
  525  cat hint5
  526  cat hint56
  527  cat hint6
  528  cat hint7
  529  cat hint8
  530  ls
  531  cd mystery
  532  ls
  533  cd memberships/
  534  ls
  535  cat AAA Delta_SkyMiles Museum_of_Bash_History Terminal_City_Library  | grep "Joe Germuska"
  536  cat AAA Delta_SkyMiles Museum_of_Bash_History Terminal_City_Library  | grep "Jeremy Bowers"
  537  cat AAA Delta_SkyMiles Museum_of_Bash_History Terminal_City_Library  | grep "Jacqui Maher"
  538  head -n 20 people
  539  ls
  540  grep "CLUE" crimescene
  541  grep "Annabel" people
  542  grep "Annabel" vehicles
  543  head -n 173 Hart Place_Street | tail -n 40
  544  head -n 40 streets/Hart Place | tail -n 1
  545  head -n 40 streets/Hart_Place | tail -n 1
  546  head -n 179 streets/Buckingham_Place | tail -n 1
  547  ls
  548  cd interviews
  549  ls
  550  cat interview-'4726024
  551  cat interview-47246024
  552  cat interview-4699607
  553  cat interview-699607
  554  ls
  555  cd ..
  556  ls
  557  grep "Honda" vehicles
  558  grep "Blue" vehicles
  559  grep "L337" vehicles
  560  grep -A 5 "L337" mystery/vehicles
  561  ls
  562  grep -A 5 "L337" vehicles
  563  cat AAA Delta_SkyMiles library Museum | grep "Joe Germuska"
  564  cat AAA Delta_SkyMiles library Museum | grep "Jeremy Bowers"
  565  cat AAA Delta_SkyMiles library Museum | grep "Jacqui Maher"
  566  sudo apt-get remove openjdk*
  567  sudo add-apt-repository ppa:webupd8team/java
  568  sudo apt-get update
  569  sudo apt-get install java-common oracle-java8-installer
  570  wget https://download-cf.jetbrains.com/webide/PhpStorm-2016.1.2.tar.gz
  571  tar xvf PhpStorm-2016.1.2.tar.gz
  572  sudo mv PhpStorm-145.1616.3/ /opt/phpstorm/
  573  sudo ln -s /opt/phpstorm/bin/phpstorm.sh /usr/local/bin/phpstorm
  574  phpstorm
  575  ls
  576  git init
  577  git add --all
  578  git status
  579  git commit -m "first commit"
  580  git remote add git@github.com:ludovic1966/quete_maquette_htmlcss.git
  581  git push -u origin master
  582  git status
  583  git add --all
  584  git status
  585  git init
  586  ls
  587  git add --all
  588  ls
  589  git add --all
  590  git commit -m "first commit"
  591  git remote add origin git@github.com:ludovic1966/quete_maquette_htmlcss.git
  592  git push -u origin master
  593  git add --all
  594  git status
  595  git push -u origin master
  596  git status
  597  git push -u origin master
  598  git push origin master
  599  git status
  600  git commit -m "second commit"
  601  git push -u origin master
  602  ls
  603  gist algo_speudocode.odt
  604  ls
  605  gist Algo_annee
  606  git clone https://github.com/WildCodeSchool/markdown-fr.git
  607  ls
  608  git branch work1
  609  git init
  610  git branch work1
  611  git checkout work1
  612  git clone git@github.com:ludovic1966/markdown-fr.git
  613  cd mardown-fr
  614  ls
  615  cd markdown-fr
  616  ls
  617  git branch work1
  618  git checkout work1
  619  ls
  620  git status
  621  git add --all
  622  git status
  623  git branch
  624  git clone git@github.com:ludovic1966/markdown-fr.git
  625  git branch work1
  626  ls
  627  git clone git@github.com:ludovic1966/markdown-fr.git
  628  git branch work1
  629  ls
  630  cd markdown-fr
  631  ls
  632  git branch work1
  633  git branch
  634  git checkout work1
  635  git branch
  636  git add -all
  637  ls
  638  git -am "traduction"
  639  cd syntax/
  640  git status
  641  git -am "traduction"
  642  git commit -am "traduction"
  643  git status
  644  git push origine work1
  645  git push origin work1
  646  git clone https://github.com/romaincoeur/installation-des-outils-php.git
  647  $ sudo apt update
  648  sudo apt update
  649  sudo apt install -y php
  650  rahul@tecadmin:~$ php -v
  651  php -v
  652  sudo apt install apache2 libapache2-mod-php
  653  sudo apt install mysql-server php-mysql
  654  sudo mysql_secure_installation
  655  sudo systemctl restart apache2.service
  656  sudo systemctl restart mysql.service
  657  sudo iptables -A INPUT -m state --state NEW -p tcp --dport 80 -j ACCEPT
  658  sudo ufw allow 80/tcp
  659  ifconfig
  660  git clone git@github.com:WildCodeSchool/laloupe-0916-psychomot.git
  661  git init
  662  git add -all
  663  ls
  664  git add --all
  665  ls
  666  git commit -m "first commit"
  667  git remoet add origin git@github.com:ludovic1966/quete_phpstorm.git
  668  git remote add origin git@github.com:ludovic1966/quete_phpstorm.git
  669  git push -u origine master
  670  git push origin master
  671  git push -u origin master
  672  ls
  673  gist quete_phpstorm_gist
  674  git init
  675  git add --all
  676  git commit -m "first commit"
  677  git add --all
  678  git status
  679  git commit -m "ajout du fichier idea"
  680  git push -u origin master
  681  git push origin master
  682  git status
  683  ls
  684  git add --all
  685  git status
  686  git push
  687  git remote add origin git@github.com:ludovic1966/quete_phpstorm.git
  688  git status
  689  git add --all
  690  git status
  691  cd ~
  692  cat >> .gitignore
  693  git status
  694  git add --all
  695  git status
  696  git push
  697  git status
  698  git push origin
  699  git status
  700  git remote add origin git@github.com:ludovic1966/quete_phpstorm.git
  701  git push -u origin master
  702  git status
  703  git push origin
  704  git status
  705  git push -u origin
  706  git status
  707  git push origin master
  708  git status
  709  git branch
  710  git push origin
  711  git status
  712  git reset HEAD quete_phpstorm_gist
  713  git status
  714  git add --all
  715  git status
  716  git push origin master
  717  git branch
  718  git status
  719  git commit -m "ajout fichier idea"
  720  git push origin master
  721  git status
  722  git clone git@github.com:WildCodeSchool/laloupe-0916-psychomot.git
  723  cd laloupe-0916-psychomot
  724  git branch
  725  git pull origin dev
  726  git branch
  727  git checkout dev
  728  git branch
  729  git branch lq/definition
  730  checkout lq:definition
  731  checkout lq/definition
  732  git checkout lq/definition
  733  git branch
  734  nano .gitignore 
  735  git status
  736  git lo
  737  git log
  738  git rm .idea
  739  git rm .idea -r
  740  git rm .idea -r -f
  741  git status
  742  git add --all
  743  git status
  744  git commit -m "suppresion du fichier idea"
  745  git push origin master
  746  git branch
  747  git status
  748  git commit -am "create acordion for definition page"
  749  git push origin lq/definition
  750  git status
  751  git branch
  752  checkout dev
  753  git branch
  754  git checkout
  755  git branch
  756  git checkout dev
  757  git branch
  758  git pull origin dev
  759  git merge lq/definition 
  760  git status
  761  git add .
  762  git commit -m "solved conflicts"
  763  git push origin dev
  764  git branch
  765  git pull origin dev
  766  git branch
  767  git chekout master
  768  git checkout master
  769  git clone git@github.com:WildCodeSchool/laloupe-0916-psychomot.git
  770  ls
  771  cd laloupe-0916-psychomot
  772  git pull dev
  773  git pull origin dev
  774  git branch lq:definition1
  775  git branch lq/definition1
  776  git branch
  777  checkout lq/definition
  778  git branch
  779  checkout lq/definition1
  780  git branch
  781  git checkout lq/definition1
  782  git branch
  783  git checkout dev
  784  git branch lq/definition2
  785  git branch
  786  git clone git@github.com:WildCodeSchool/laloupe-0916-psychomot.git
  787  ls
  788  cd laloupe-0916-psychomot
  789  git branch
  790  git pull origin dev
  791  git branch
  792  git checkout dev
  793  git branch
  794  git branch lq/definition1
  795  git branch
  796  git checkout lq/definition1
  797  git branch
  798  git status
  799  git add --all
  800  git commit -m "update accordion"
  801  git push origin lq/definition1
  802  git clone git@github.com:WildCodeSchool/laloupe-0916-psychomot.git
  803  ls
  804  cd laloupe-0916-psychomot
  805  ls
  806  git branch
  807  sudo pear channel-discover pear.symfony-project.com
  808  symfony new projet1 2.8
  809  composer -v
  810  sudo apt install composer
  811  Phpadmind -v
  812  Phpmyadmin -v
  813  sudo apt-get install phpmyadmin
  814  ls
  815  sudo apt-get install phpmyadmin
  816  my sql
  817  mysql -v
  818  sudo mysql
  819  sudo apt-get install phpmyadmin
  820  ps aux | grep apt
  821  kill -9 7656 7655
  822  sudo kill -9 7656 7655
  823  ps aux | grep apt
  824  sudo apt-get install phpmyadmin
  825  sudo dpkg --configure -a
  826  ps aux | grep aptsudo htpasswd /etc/phpmyadmin/htpasswd.setup admin
  827  sudo apt-get install phpmyadmin
  828  sudo gedit /etc/apache2/apache2.conf
  829  sudo /etc/init.d/apache2 restart
  830  sudo pear channel-discover pear.symfony-project.com
  831  cd /var/www/html/
  832  symfony new test 2.8
  833  cd
  834  sudo mkdir -p /usr/local/bin
  835  some
  836  sudo curl -LsS https://symfony.com/installer -o /usr/local/bin/symfony
  837  sudo chmod a+x /usr/local/bin/symfony
  838  cd /var/www/html/
  839  symfony new test 2.8
  840  rm -rf test/
  841  ls
  842  symfony new test1 2.8
  843  sudo chmod –R 777 test1
  844  chmod --help
  845  chmod –R 777 test1
  846  sudo chmod -R 777 test1
  847  cd
  848  ls
  849  cd /var/www/html/
  850  ls
  851  chmod +x chmod.sh
  852  ./chmod.sh
  853  cd
  854  ls
  855  cd Téléchargements
  856  cp chmod.sh /var/www/htlm/test1
  857  cp chmod.sh /var/www/htlm/test1/
  858  ls
  859  cp chmod.sh /var/www/html/test1/
  860  cd
  861  ls
  862  cd /var/www/html/test1/
  863  chmod +x chmod.sh
  864  ./chmod.sh
  865  composer install
  866  php app/console doctrine:database:create
  867  mysql -u root -p
  868  php app/console doctrine:database:create
  869  php app/console generate:bundle
  870  php app/console doctrine:generate:entity
  871  php app/console doctrine:update --force
  872  php app/console doctrine:generate:crud
  873  git branch
  874  git add --all
  875  git status
  876  git reset HEAD img/1_questcequecest_500-575.jpg
  877  git status
  878  git commit -m "update acordion"
  879  git push origin lq/definition1 
  880  history > mon_historique1.log
